<?xml version="1.0" encoding="UTF-8"?>
<testsuite name="com.userregistration.UserRegistrationTest" tests="1" skipped="0" failures="0" errors="0" timestamp="2020-08-11T13:57:30" hostname="SUJITGARGATE" time="0.013">
  <properties/>
  <testcase name="enteredFirstName_Should_Return_True" classname="com.userregistration.UserRegistrationTest" time="0.013"/>
  <system-out><![CDATA[Enter the first name
Sujitfalse
]]></system-out>
  <system-err><![CDATA[]]></system-err>
</testsuite>
